mode: set
point-api/internal/config/config.go:32.57,57.16 21 1
point-api/internal/config/config.go:57.16,59.56 1 1
point-api/internal/config/config.go:59.56,61.4 1 0
point-api/internal/config/config.go:64.2,67.66 2 1
point-api/internal/config/config.go:67.66,69.3 1 0
point-api/internal/config/config.go:69.8,69.63 1 1
point-api/internal/config/config.go:69.63,71.3 1 1
point-api/internal/config/config.go:73.2,73.8 1 1
point-api/internal/utils/slugify.go:16.34,17.16 1 1
point-api/internal/utils/slugify.go:17.16,19.3 1 1
point-api/internal/utils/slugify.go:22.2,40.21 7 1
point-api/internal/utils/slugify.go:40.21,43.3 2 1
point-api/internal/utils/slugify.go:45.2,45.13 1 1
point-api/internal/models/db.go:19.28,21.2 1 1
point-api/internal/models/db.go:27.47,31.2 1 1
point-api/internal/models/queries.sql.go:24.95,27.2 2 0
point-api/internal/models/queries.sql.go:39.83,42.2 2 0
point-api/internal/models/queries.sql.go:49.74,52.2 2 0
point-api/internal/models/queries.sql.go:64.101,67.2 2 1
point-api/internal/models/queries.sql.go:79.88,84.2 4 1
point-api/internal/models/queries.sql.go:101.88,111.2 4 1
point-api/internal/models/queries.sql.go:125.98,130.2 4 1
point-api/internal/models/queries.sql.go:157.91,191.2 4 0
point-api/internal/models/queries.sql.go:215.87,249.2 4 0
point-api/internal/models/queries.sql.go:268.96,289.2 4 0
point-api/internal/models/queries.sql.go:314.84,346.2 4 0
point-api/internal/models/queries.sql.go:365.87,385.2 4 1
point-api/internal/models/queries.sql.go:392.68,395.2 2 1
point-api/internal/models/queries.sql.go:402.68,405.2 2 0
point-api/internal/models/queries.sql.go:417.79,420.2 2 0
point-api/internal/models/queries.sql.go:432.85,435.2 2 0
point-api/internal/models/queries.sql.go:442.72,445.2 2 1
point-api/internal/models/queries.sql.go:452.66,455.2 2 0
point-api/internal/models/queries.sql.go:467.95,470.2 2 0
point-api/internal/models/queries.sql.go:477.67,491.2 4 1
point-api/internal/models/queries.sql.go:500.75,520.2 4 0
point-api/internal/models/queries.sql.go:527.92,547.2 4 0
point-api/internal/models/queries.sql.go:555.97,557.16 2 1
point-api/internal/models/queries.sql.go:557.16,559.3 1 0
point-api/internal/models/queries.sql.go:560.2,562.18 3 1
point-api/internal/models/queries.sql.go:562.18,579.17 2 0
point-api/internal/models/queries.sql.go:579.17,581.4 1 0
point-api/internal/models/queries.sql.go:582.3,582.27 1 0
point-api/internal/models/queries.sql.go:584.2,584.37 1 1
point-api/internal/models/queries.sql.go:584.37,586.3 1 0
point-api/internal/models/queries.sql.go:587.2,587.35 1 1
point-api/internal/models/queries.sql.go:587.35,589.3 1 0
point-api/internal/models/queries.sql.go:590.2,590.19 1 1
point-api/internal/models/queries.sql.go:625.78,651.2 4 0
point-api/internal/models/queries.sql.go:683.93,709.2 4 0
point-api/internal/models/queries.sql.go:752.107,759.16 2 0
point-api/internal/models/queries.sql.go:759.16,761.3 1 0
point-api/internal/models/queries.sql.go:762.2,764.18 3 0
point-api/internal/models/queries.sql.go:764.18,787.17 2 0
point-api/internal/models/queries.sql.go:787.17,789.4 1 0
point-api/internal/models/queries.sql.go:790.3,790.27 1 0
point-api/internal/models/queries.sql.go:792.2,792.37 1 0
point-api/internal/models/queries.sql.go:792.37,794.3 1 0
point-api/internal/models/queries.sql.go:795.2,795.35 1 0
point-api/internal/models/queries.sql.go:795.35,797.3 1 0
point-api/internal/models/queries.sql.go:798.2,798.19 1 0
point-api/internal/models/queries.sql.go:822.102,839.2 4 0
point-api/internal/models/queries.sql.go:848.84,858.2 4 0
point-api/internal/models/queries.sql.go:864.81,869.2 4 1
point-api/internal/models/queries.sql.go:878.70,898.2 4 0
point-api/internal/models/queries.sql.go:905.79,925.2 4 0
point-api/internal/models/queries.sql.go:933.86,935.16 2 0
point-api/internal/models/queries.sql.go:935.16,937.3 1 0
point-api/internal/models/queries.sql.go:938.2,940.18 3 0
point-api/internal/models/queries.sql.go:940.18,957.17 2 0
point-api/internal/models/queries.sql.go:957.17,959.4 1 0
point-api/internal/models/queries.sql.go:960.3,960.27 1 0
point-api/internal/models/queries.sql.go:962.2,962.37 1 0
point-api/internal/models/queries.sql.go:962.37,964.3 1 0
point-api/internal/models/queries.sql.go:965.2,965.35 1 0
point-api/internal/models/queries.sql.go:965.35,967.3 1 0
point-api/internal/models/queries.sql.go:968.2,968.19 1 0
point-api/internal/models/queries.sql.go:979.84,981.16 2 0
point-api/internal/models/queries.sql.go:981.16,983.3 1 0
point-api/internal/models/queries.sql.go:984.2,986.18 3 0
point-api/internal/models/queries.sql.go:986.18,1003.17 2 0
point-api/internal/models/queries.sql.go:1003.17,1005.4 1 0
point-api/internal/models/queries.sql.go:1006.3,1006.27 1 0
point-api/internal/models/queries.sql.go:1008.2,1008.37 1 0
point-api/internal/models/queries.sql.go:1008.37,1010.3 1 0
point-api/internal/models/queries.sql.go:1011.2,1011.35 1 0
point-api/internal/models/queries.sql.go:1011.35,1013.3 1 0
point-api/internal/models/queries.sql.go:1014.2,1014.19 1 0
point-api/internal/models/queries.sql.go:1024.84,1026.16 2 1
point-api/internal/models/queries.sql.go:1026.16,1028.3 1 0
point-api/internal/models/queries.sql.go:1029.2,1031.18 3 1
point-api/internal/models/queries.sql.go:1031.18,1048.17 2 0
point-api/internal/models/queries.sql.go:1048.17,1050.4 1 0
point-api/internal/models/queries.sql.go:1051.3,1051.27 1 0
point-api/internal/models/queries.sql.go:1053.2,1053.37 1 1
point-api/internal/models/queries.sql.go:1053.37,1055.3 1 0
point-api/internal/models/queries.sql.go:1056.2,1056.35 1 1
point-api/internal/models/queries.sql.go:1056.35,1058.3 1 0
point-api/internal/models/queries.sql.go:1059.2,1059.19 1 1
point-api/internal/models/queries.sql.go:1067.72,1081.2 4 0
point-api/internal/models/queries.sql.go:1088.83,1102.2 4 1
point-api/internal/models/queries.sql.go:1109.89,1123.2 4 0
point-api/internal/models/queries.sql.go:1131.89,1133.16 2 1
point-api/internal/models/queries.sql.go:1133.16,1135.3 1 0
point-api/internal/models/queries.sql.go:1136.2,1138.18 3 1
point-api/internal/models/queries.sql.go:1138.18,1150.17 2 0
point-api/internal/models/queries.sql.go:1150.17,1152.4 1 0
point-api/internal/models/queries.sql.go:1153.3,1153.27 1 0
point-api/internal/models/queries.sql.go:1155.2,1155.37 1 1
point-api/internal/models/queries.sql.go:1155.37,1157.3 1 0
point-api/internal/models/queries.sql.go:1158.2,1158.35 1 1
point-api/internal/models/queries.sql.go:1158.35,1160.3 1 0
point-api/internal/models/queries.sql.go:1161.2,1161.19 1 1
point-api/internal/models/queries.sql.go:1170.79,1173.2 2 0
point-api/internal/models/queries.sql.go:1189.89,1196.16 2 1
point-api/internal/models/queries.sql.go:1196.16,1198.3 1 0
point-api/internal/models/queries.sql.go:1199.2,1201.18 3 1
point-api/internal/models/queries.sql.go:1201.18,1218.17 2 0
point-api/internal/models/queries.sql.go:1218.17,1220.4 1 0
point-api/internal/models/queries.sql.go:1221.3,1221.27 1 0
point-api/internal/models/queries.sql.go:1223.2,1223.37 1 1
point-api/internal/models/queries.sql.go:1223.37,1225.3 1 0
point-api/internal/models/queries.sql.go:1226.2,1226.35 1 1
point-api/internal/models/queries.sql.go:1226.35,1228.3 1 0
point-api/internal/models/queries.sql.go:1229.2,1229.19 1 1
point-api/internal/models/queries.sql.go:1276.95,1285.16 2 1
point-api/internal/models/queries.sql.go:1285.16,1287.3 1 0
point-api/internal/models/queries.sql.go:1288.2,1290.18 3 1
point-api/internal/models/queries.sql.go:1290.18,1313.17 2 0
point-api/internal/models/queries.sql.go:1313.17,1315.4 1 0
point-api/internal/models/queries.sql.go:1316.3,1316.27 1 0
point-api/internal/models/queries.sql.go:1318.2,1318.37 1 1
point-api/internal/models/queries.sql.go:1318.37,1320.3 1 0
point-api/internal/models/queries.sql.go:1321.2,1321.35 1 1
point-api/internal/models/queries.sql.go:1321.35,1323.3 1 0
point-api/internal/models/queries.sql.go:1324.2,1324.19 1 1
point-api/internal/models/queries.sql.go:1331.76,1333.16 2 1
point-api/internal/models/queries.sql.go:1333.16,1335.3 1 0
point-api/internal/models/queries.sql.go:1336.2,1338.18 3 1
point-api/internal/models/queries.sql.go:1338.18,1345.17 2 0
point-api/internal/models/queries.sql.go:1345.17,1347.4 1 0
point-api/internal/models/queries.sql.go:1348.3,1348.27 1 0
point-api/internal/models/queries.sql.go:1350.2,1350.37 1 1
point-api/internal/models/queries.sql.go:1350.37,1352.3 1 0
point-api/internal/models/queries.sql.go:1353.2,1353.35 1 1
point-api/internal/models/queries.sql.go:1353.35,1355.3 1 0
point-api/internal/models/queries.sql.go:1356.2,1356.19 1 1
point-api/internal/models/queries.sql.go:1371.84,1373.16 2 1
point-api/internal/models/queries.sql.go:1373.16,1375.3 1 0
point-api/internal/models/queries.sql.go:1376.2,1378.18 3 1
point-api/internal/models/queries.sql.go:1378.18,1395.17 2 0
point-api/internal/models/queries.sql.go:1395.17,1397.4 1 0
point-api/internal/models/queries.sql.go:1398.3,1398.27 1 0
point-api/internal/models/queries.sql.go:1400.2,1400.37 1 1
point-api/internal/models/queries.sql.go:1400.37,1402.3 1 0
point-api/internal/models/queries.sql.go:1403.2,1403.35 1 1
point-api/internal/models/queries.sql.go:1403.35,1405.3 1 0
point-api/internal/models/queries.sql.go:1406.2,1406.19 1 1
point-api/internal/models/queries.sql.go:1416.76,1439.2 4 0
point-api/internal/models/queries.sql.go:1451.93,1454.2 2 1
point-api/internal/models/queries.sql.go:1466.101,1469.2 2 1
point-api/internal/models/queries.sql.go:1483.97,1486.2 2 0
point-api/internal/models/queries.sql.go:1496.69,1499.2 2 0
point-api/internal/models/queries.sql.go:1515.91,1540.2 4 0
point-api/internal/models/queries.sql.go:1556.107,1581.2 4 0
point-api/internal/models/queries.sql.go:1604.87,1639.2 4 0
point-api/internal/models/queries.sql.go:1647.78,1650.2 2 1
point-api/internal/models/queries.sql.go:1668.100,1678.2 4 1
point-api/internal/models/queries.sql.go:1702.84,1735.2 4 0
point-api/internal/models/queries.sql.go:1746.75,1749.2 2 1
point-api/internal/models/queries.sql.go:1757.72,1760.2 2 1
point-api/internal/models/queries.sql.go:1773.95,1776.2 2 0
point-api/internal/models/queries.sql.go:1785.77,1808.2 4 1
point-api/internal/repository/db.go:16.55,18.16 2 1
point-api/internal/repository/db.go:18.16,20.3 1 0
point-api/internal/repository/db.go:22.2,22.34 1 1
point-api/internal/repository/db.go:22.34,24.3 1 0
point-api/internal/repository/db.go:27.2,27.64 1 1
point-api/internal/repository/db.go:27.64,29.3 1 0
point-api/internal/repository/db.go:31.2,35.8 2 1
point-api/internal/repository/db.go:38.36,40.2 1 1
point-api/internal/repository/db.go:42.35,44.2 1 1
point-api/internal/repository/extended.go:11.107,21.16 3 1
point-api/internal/repository/extended.go:21.16,23.3 1 0
point-api/internal/repository/extended.go:24.2,27.18 3 1
point-api/internal/repository/extended.go:27.18,33.17 2 1
point-api/internal/repository/extended.go:33.17,35.4 1 0
point-api/internal/repository/extended.go:36.3,36.27 1 1
point-api/internal/repository/extended.go:38.2,38.26 1 1
point-api/internal/repository/extended.go:42.77,47.2 4 1
point-api/internal/repository/extended.go:51.95,52.19 1 1
point-api/internal/repository/extended.go:52.19,54.3 1 0
point-api/internal/repository/extended.go:57.2,64.25 4 1
point-api/internal/repository/extended.go:64.25,66.12 2 1
point-api/internal/repository/extended.go:66.12,68.4 1 1
point-api/internal/repository/extended.go:69.3,69.22 1 1
point-api/internal/repository/extended.go:71.2,74.16 3 1
point-api/internal/repository/extended.go:74.16,76.3 1 0
point-api/internal/repository/extended.go:77.2,80.18 3 1
point-api/internal/repository/extended.go:80.18,86.17 2 1
point-api/internal/repository/extended.go:86.17,88.4 1 0
point-api/internal/repository/extended.go:89.3,89.27 1 1
point-api/internal/repository/extended.go:91.2,91.26 1 1
point-api/internal/repository/extended.go:94.79,95.19 1 1
point-api/internal/repository/extended.go:95.19,97.3 1 0
point-api/internal/repository/extended.go:99.2,101.25 3 1
point-api/internal/repository/extended.go:101.25,103.12 2 1
point-api/internal/repository/extended.go:103.12,105.4 1 0
point-api/internal/repository/extended.go:106.3,106.22 1 1
point-api/internal/repository/extended.go:108.2,110.12 3 1
point-api/internal/repository/extended.go:125.79,144.2 4 1
point-api/internal/repository/extended.go:147.108,162.16 3 0
point-api/internal/repository/extended.go:162.16,164.3 1 0
point-api/internal/repository/extended.go:165.2,168.18 3 0
point-api/internal/repository/extended.go:168.18,176.17 2 0
point-api/internal/repository/extended.go:176.17,178.4 1 0
point-api/internal/repository/extended.go:179.3,179.27 1 0
point-api/internal/repository/extended.go:181.2,181.26 1 0
point-api/internal/repository/extended.go:188.11,196.16 3 1
point-api/internal/repository/extended.go:196.16,198.3 1 0
point-api/internal/repository/extended.go:199.2,205.18 3 1
point-api/internal/repository/extended.go:205.18,211.60 3 1
point-api/internal/repository/extended.go:211.60,213.4 1 0
point-api/internal/repository/extended.go:215.3,216.17 2 1
point-api/internal/repository/extended.go:216.17,219.4 1 0
point-api/internal/repository/extended.go:220.3,220.17 1 1
point-api/internal/repository/extended.go:220.17,222.4 1 1
point-api/internal/repository/extended.go:223.3,223.30 1 1
point-api/internal/repository/extended.go:225.2,225.26 1 1
point-api/internal/repository/extended.go:231.11,238.16 3 1
point-api/internal/repository/extended.go:238.16,240.3 1 0
point-api/internal/repository/extended.go:241.2,244.18 3 1
point-api/internal/repository/extended.go:244.18,246.47 2 1
point-api/internal/repository/extended.go:246.47,248.4 1 0
point-api/internal/repository/extended.go:249.3,249.30 1 1
point-api/internal/repository/extended.go:251.2,251.26 1 1
point-api/internal/repository/extended.go:255.106,277.2 5 0
point-api/internal/repository/extended.go:280.94,286.6 4 1
point-api/internal/repository/extended.go:286.6,288.38 2 1
point-api/internal/repository/extended.go:288.38,289.9 1 1
point-api/internal/repository/extended.go:292.3,293.25 2 1
point-api/internal/repository/extended.go:293.25,294.9 1 0
point-api/internal/repository/extended.go:296.3,298.24 3 1
point-api/internal/repository/extended.go:301.2,301.23 1 1
point-api/internal/repository/extended.go:305.96,310.21 4 1
point-api/internal/repository/extended.go:310.21,315.17 4 1
point-api/internal/repository/extended.go:315.17,316.12 1 0
point-api/internal/repository/extended.go:318.3,318.34 1 1
point-api/internal/repository/extended.go:318.34,319.26 1 1
point-api/internal/repository/extended.go:319.26,323.5 3 1
point-api/internal/repository/extended.go:327.2,327.20 1 1
point-api/internal/repository/extended.go:332.120,334.16 2 0
point-api/internal/repository/extended.go:334.16,336.3 1 0
point-api/internal/repository/extended.go:337.2,338.16 2 0
point-api/internal/repository/extended.go:338.16,340.3 1 0
point-api/internal/repository/extended.go:341.2,341.26 1 0
point-api/internal/repository/extended.go:345.75,348.2 2 1
point-api/internal/repository/extended.go:352.104,353.22 1 1
point-api/internal/repository/extended.go:353.22,355.3 1 0
point-api/internal/repository/extended.go:357.2,359.28 3 1
point-api/internal/repository/extended.go:359.28,361.12 2 1
point-api/internal/repository/extended.go:361.12,363.4 1 1
point-api/internal/repository/extended.go:364.3,364.22 1 1
point-api/internal/repository/extended.go:367.2,376.16 3 1
point-api/internal/repository/extended.go:376.16,378.3 1 0
point-api/internal/repository/extended.go:379.2,382.18 3 1
point-api/internal/repository/extended.go:382.18,389.17 2 1
point-api/internal/repository/extended.go:389.17,391.4 1 0
point-api/internal/repository/extended.go:392.3,392.27 1 1
point-api/internal/repository/extended.go:394.2,394.26 1 1
point-api/internal/repository/extended.go:398.98,405.2 3 1
point-api/internal/repository/extended.go:408.97,409.21 1 1
point-api/internal/repository/extended.go:409.21,411.3 1 0
point-api/internal/repository/extended.go:413.2,415.26 3 1
point-api/internal/repository/extended.go:415.26,417.12 2 1
point-api/internal/repository/extended.go:417.12,419.4 1 1
point-api/internal/repository/extended.go:420.3,420.22 1 1
point-api/internal/repository/extended.go:423.2,430.16 3 1
point-api/internal/repository/extended.go:430.16,432.3 1 0
point-api/internal/repository/extended.go:433.2,436.18 3 1
point-api/internal/repository/extended.go:436.18,443.17 2 1
point-api/internal/repository/extended.go:443.17,445.4 1 0
point-api/internal/repository/extended.go:446.3,446.27 1 1
point-api/internal/repository/extended.go:448.2,448.26 1 1
point-api/internal/repository/extended.go:460.84,463.16 3 1
point-api/internal/repository/extended.go:463.16,466.3 1 0
point-api/internal/repository/extended.go:467.2,470.18 3 1
point-api/internal/repository/extended.go:470.18,472.65 2 1
point-api/internal/repository/extended.go:472.65,474.4 1 0
point-api/internal/repository/extended.go:475.3,475.27 1 1
point-api/internal/repository/extended.go:477.2,477.18 1 1
point-api/internal/repository/extended.go:477.18,479.3 1 0
point-api/internal/repository/extended.go:480.2,480.26 1 1
point-api/internal/services/auth_service.go:19.63,21.2 1 1
point-api/internal/services/auth_service.go:23.52,26.2 2 1
point-api/internal/services/auth_service.go:28.49,31.2 2 1
point-api/internal/services/auth_service.go:33.37,36.2 2 1
point-api/internal/services/auth_service.go:38.105,42.20 3 1
point-api/internal/services/auth_service.go:42.20,44.3 1 1
point-api/internal/services/auth_service.go:44.8,46.3 1 1
point-api/internal/services/auth_service.go:48.2,48.16 1 1
point-api/internal/services/auth_service.go:48.16,50.3 1 1
point-api/internal/services/auth_service.go:52.2,52.50 1 1
point-api/internal/services/auth_service.go:52.50,54.3 1 1
point-api/internal/services/auth_service.go:57.2,59.18 2 1
point-api/internal/services/auth_service.go:62.153,74.2 3 1
point-api/internal/services/auth_service.go:76.111,79.16 3 1
point-api/internal/services/auth_service.go:79.16,81.3 1 0
point-api/internal/services/auth_service.go:84.2,84.41 1 1
point-api/internal/services/auth_service.go:84.41,87.3 2 1
point-api/internal/services/auth_service.go:90.2,92.21 2 1
point-api/internal/services/auth_service.go:95.92,97.2 1 1
point-api/internal/services/auth_service.go:99.105,101.2 1 1
point-api/internal/services/auth_service.go:103.97,105.2 1 1
point-api/internal/services/auth_service.go:107.116,109.16 2 1
point-api/internal/services/auth_service.go:109.16,111.3 1 0
point-api/internal/services/auth_service.go:113.2,113.57 1 1
point-api/internal/services/auth_service.go:113.57,115.3 1 1
point-api/internal/services/auth_service.go:117.2,118.16 2 1
point-api/internal/services/auth_service.go:118.16,120.3 1 0
point-api/internal/services/auth_service.go:122.2,125.4 1 1
point-api/internal/services/media_service.go:32.119,38.2 1 1
point-api/internal/services/media_service.go:40.44,43.2 2 1
point-api/internal/services/media_service.go:45.76,47.16 2 1
point-api/internal/services/media_service.go:47.16,49.3 1 0
point-api/internal/services/media_service.go:50.2,50.18 1 1
point-api/internal/services/media_service.go:50.18,52.3 1 1
point-api/internal/services/media_service.go:53.2,53.34 1 0
point-api/internal/services/media_service.go:65.99,70.16 3 1
point-api/internal/services/media_service.go:70.16,72.3 1 1
point-api/internal/services/media_service.go:74.2,81.56 5 1
point-api/internal/services/media_service.go:81.56,83.3 1 0
point-api/internal/services/media_service.go:84.2,84.57 1 1
point-api/internal/services/media_service.go:84.57,86.3 1 0
point-api/internal/services/media_service.go:88.2,97.45 7 1
point-api/internal/services/media_service.go:97.45,101.17 3 1
point-api/internal/services/media_service.go:101.17,112.57 8 1
point-api/internal/services/media_service.go:112.57,114.5 1 1
point-api/internal/services/media_service.go:119.2,119.72 1 1
point-api/internal/services/media_service.go:119.72,121.3 1 0
point-api/internal/services/media_service.go:123.2,124.21 2 1
point-api/internal/services/media_service.go:124.21,126.3 1 0
point-api/internal/services/media_service.go:129.2,143.4 1 1
point-api/internal/services/media_service.go:146.91,148.2 1 1
point-api/internal/services/media_service.go:156.106,164.16 3 1
point-api/internal/services/media_service.go:164.16,166.3 1 0
point-api/internal/services/media_service.go:168.2,172.16 2 1
point-api/internal/services/media_service.go:172.16,174.3 1 0
point-api/internal/services/media_service.go:176.2,176.26 1 1
point-api/internal/services/media_service.go:186.101,188.21 2 1
point-api/internal/services/media_service.go:188.21,190.3 1 0
point-api/internal/services/media_service.go:191.2,196.4 1 1
point-api/internal/services/media_service.go:199.73,201.16 2 1
point-api/internal/services/media_service.go:201.16,203.3 1 0
point-api/internal/services/media_service.go:206.2,209.31 3 1
point-api/internal/services/media_service.go:209.31,212.3 2 0
point-api/internal/services/media_service.go:214.2,214.36 1 1
point-api/internal/services/media_service.go:217.87,220.16 2 0
point-api/internal/services/media_service.go:220.16,222.3 1 0
point-api/internal/services/media_service.go:225.2,225.28 1 0
point-api/internal/services/media_service.go:225.28,228.28 3 0
point-api/internal/services/media_service.go:228.28,231.4 2 0
point-api/internal/services/media_service.go:234.2,234.58 1 0
point-api/internal/services/media_service.go:234.58,236.3 1 0
point-api/internal/services/media_service.go:238.2,238.26 1 0
point-api/internal/services/media_service.go:241.116,244.16 3 1
point-api/internal/services/media_service.go:244.16,246.3 1 0
point-api/internal/services/media_service.go:247.2,247.26 1 1
point-api/internal/services/media_service.go:251.81,253.16 2 1
point-api/internal/services/media_service.go:253.16,255.3 1 0
point-api/internal/services/media_service.go:257.2,259.24 3 1
point-api/internal/services/media_service.go:259.24,263.28 4 1
point-api/internal/services/media_service.go:263.28,265.4 1 0
point-api/internal/services/media_service.go:268.2,268.18 1 1
point-api/internal/services/media_service.go:268.18,269.59 1 1
point-api/internal/services/media_service.go:269.59,271.4 1 0
point-api/internal/services/media_service.go:273.2,273.29 1 1
point-api/internal/services/media_service.go:286.83,303.2 4 1
point-api/internal/services/media_service.go:306.110,308.16 2 1
point-api/internal/services/media_service.go:308.16,310.3 1 0
point-api/internal/services/media_service.go:313.2,316.18 4 1
point-api/internal/services/media_service.go:316.18,318.3 1 0
point-api/internal/services/media_service.go:320.2,325.60 5 1
point-api/internal/services/media_service.go:325.60,327.3 1 0
point-api/internal/services/media_service.go:330.2,331.27 2 1
point-api/internal/services/media_service.go:331.27,342.3 7 0
point-api/internal/services/media_service.go:344.2,349.4 1 1
point-api/internal/services/media_service.go:354.105,361.16 2 1
point-api/internal/services/media_service.go:361.16,363.3 1 0
point-api/internal/services/media_service.go:365.2,367.24 2 1
point-api/internal/services/media_service.go:367.24,368.43 1 1
point-api/internal/services/media_service.go:368.43,370.12 2 0
point-api/internal/services/media_service.go:373.3,375.17 3 1
point-api/internal/services/media_service.go:375.17,377.12 2 0
point-api/internal/services/media_service.go:380.3,381.17 2 1
point-api/internal/services/media_service.go:381.17,383.12 2 0
point-api/internal/services/media_service.go:386.3,396.68 8 1
point-api/internal/services/media_service.go:396.68,398.12 2 0
point-api/internal/services/media_service.go:400.3,400.56 1 1
point-api/internal/services/media_service.go:400.56,402.12 2 0
point-api/internal/services/media_service.go:405.3,411.23 2 1
point-api/internal/services/media_service.go:414.2,414.19 1 1
point-api/internal/services/media_service.go:424.128,426.34 2 1
point-api/internal/services/media_service.go:426.34,428.3 1 0
point-api/internal/services/media_service.go:430.2,433.16 4 1
point-api/internal/services/media_service.go:433.16,435.3 1 0
point-api/internal/services/media_service.go:436.2,436.67 1 1
point-api/internal/services/media_service.go:436.67,438.3 1 0
point-api/internal/services/media_service.go:439.2,442.16 3 1
point-api/internal/services/media_service.go:442.16,444.3 1 0
point-api/internal/services/media_service.go:445.2,449.16 4 1
point-api/internal/services/media_service.go:449.16,451.3 1 0
point-api/internal/services/media_service.go:452.2,454.38 2 1
point-api/internal/services/media_service.go:454.38,456.3 1 0
point-api/internal/services/media_service.go:458.2,459.64 2 1
point-api/internal/services/media_service.go:459.64,461.3 1 0
point-api/internal/services/media_service.go:464.2,465.75 2 1
point-api/internal/services/media_service.go:465.75,466.64 1 1
point-api/internal/services/media_service.go:466.64,468.9 2 0
point-api/internal/services/media_service.go:472.2,474.43 2 1
point-api/internal/services/media_service.go:474.43,476.3 1 1
point-api/internal/services/media_service.go:478.2,478.52 1 1
point-api/internal/services/media_service.go:478.52,479.26 1 1
point-api/internal/services/media_service.go:479.26,480.31 1 1
point-api/internal/services/media_service.go:480.31,482.5 1 1
point-api/internal/services/media_service.go:486.2,486.45 1 1
point-api/internal/services/media_service.go:486.45,488.3 1 1
point-api/internal/services/media_service.go:488.8,490.88 1 0
point-api/internal/services/media_service.go:490.88,491.41 1 0
point-api/internal/services/media_service.go:491.41,493.10 2 0
point-api/internal/services/media_service.go:499.2,500.62 2 1
point-api/internal/services/media_service.go:500.62,503.35 3 0
point-api/internal/services/media_service.go:503.35,504.20 1 0
point-api/internal/services/media_service.go:504.20,506.10 2 0
point-api/internal/services/media_service.go:509.3,509.13 1 0
point-api/internal/services/media_service.go:509.13,511.4 1 0
point-api/internal/services/media_service.go:514.2,514.22 1 1
point-api/internal/services/post_service.go:27.63,49.2 2 1
point-api/internal/services/post_service.go:51.69,53.60 2 1
point-api/internal/services/post_service.go:53.60,55.3 1 0
point-api/internal/services/post_service.go:56.2,56.26 1 1
point-api/internal/services/post_service.go:67.111,78.16 3 1
point-api/internal/services/post_service.go:78.16,80.3 1 0
point-api/internal/services/post_service.go:82.2,88.16 2 1
point-api/internal/services/post_service.go:88.16,90.3 1 0
point-api/internal/services/post_service.go:92.2,92.26 1 1
point-api/internal/services/post_service.go:95.93,97.2 1 1
point-api/internal/services/post_service.go:99.104,101.2 1 0
point-api/internal/services/post_service.go:117.96,118.18 1 1
point-api/internal/services/post_service.go:118.18,120.3 1 1
point-api/internal/services/post_service.go:122.2,134.16 2 1
point-api/internal/services/post_service.go:134.16,136.3 1 0
point-api/internal/services/post_service.go:139.2,139.33 1 1
point-api/internal/services/post_service.go:139.33,142.17 2 1
point-api/internal/services/post_service.go:142.17,148.18 2 1
point-api/internal/services/post_service.go:148.18,149.13 1 0
point-api/internal/services/post_service.go:153.3,156.5 1 1
point-api/internal/services/post_service.go:160.2,162.18 2 1
point-api/internal/services/post_service.go:165.79,167.2 1 1
point-api/internal/services/post_service.go:169.95,171.2 1 1
point-api/internal/services/post_service.go:188.96,189.18 1 1
point-api/internal/services/post_service.go:189.18,191.3 1 1
point-api/internal/services/post_service.go:193.2,206.16 2 1
point-api/internal/services/post_service.go:206.16,208.3 1 0
point-api/internal/services/post_service.go:211.2,212.33 2 1
point-api/internal/services/post_service.go:212.33,214.17 2 1
point-api/internal/services/post_service.go:214.17,219.18 2 1
point-api/internal/services/post_service.go:219.18,220.13 1 0
point-api/internal/services/post_service.go:223.3,223.90 1 1
point-api/internal/services/post_service.go:226.2,228.18 2 1
point-api/internal/services/post_service.go:231.81,233.2 1 1
point-api/internal/services/post_service.go:235.87,237.2 1 0
point-api/internal/services/post_service.go:239.88,241.2 1 0
point-api/internal/services/post_service.go:245.105,247.40 2 1
point-api/internal/services/post_service.go:247.40,249.3 1 0
point-api/internal/services/post_service.go:250.2,258.16 4 1
point-api/internal/services/post_service.go:258.16,260.3 1 0
point-api/internal/services/post_service.go:261.2,261.30 1 1
point-api/internal/services/post_service.go:265.107,267.16 2 1
point-api/internal/services/post_service.go:267.16,269.3 1 0
point-api/internal/services/post_service.go:271.2,271.81 1 1
point-api/internal/services/post_service.go:271.81,273.3 1 0
point-api/internal/services/post_service.go:274.2,274.18 1 1
point-api/internal/services/settings_service.go:14.71,16.2 1 1
point-api/internal/services/settings_service.go:18.108,20.16 2 1
point-api/internal/services/settings_service.go:20.16,22.3 1 1
point-api/internal/services/settings_service.go:23.2,23.26 1 1
point-api/internal/services/settings_service.go:23.26,25.3 1 0
point-api/internal/services/settings_service.go:26.2,26.34 1 1
point-api/internal/services/settings_service.go:29.109,36.2 2 1
point-api/internal/services/settings_service.go:38.90,40.16 2 1
point-api/internal/services/settings_service.go:40.16,42.3 1 0
point-api/internal/services/settings_service.go:43.2,44.29 2 1
point-api/internal/services/settings_service.go:44.29,45.20 1 1
point-api/internal/services/settings_service.go:45.20,47.4 1 1
point-api/internal/services/settings_service.go:49.2,49.20 1 1
point-api/internal/services/tag_service.go:22.61,24.2 1 1
point-api/internal/services/tag_service.go:26.108,31.2 1 1
point-api/internal/services/tag_service.go:33.89,35.2 1 1
point-api/internal/services/tag_service.go:37.84,39.2 1 1
point-api/internal/services/tag_service.go:55.92,56.18 1 1
point-api/internal/services/tag_service.go:56.18,58.3 1 1
point-api/internal/services/tag_service.go:60.2,61.24 2 1
point-api/internal/services/tag_service.go:61.24,63.3 1 0
point-api/internal/services/tag_service.go:65.2,77.4 1 1
point-api/internal/services/tag_service.go:80.69,82.2 1 1
point-api/internal/services/tag_service.go:84.89,86.2 1 1
point-api/internal/services/tag_service.go:88.90,90.2 1 1
point-api/internal/services/tag_service.go:107.92,108.18 1 1
point-api/internal/services/tag_service.go:108.18,110.3 1 1
point-api/internal/services/tag_service.go:112.2,113.24 2 1
point-api/internal/services/tag_service.go:113.24,115.3 1 0
point-api/internal/services/tag_service.go:117.2,130.4 1 1
point-api/internal/services/tag_service.go:141.90,146.16 2 1
point-api/internal/services/tag_service.go:146.16,148.3 1 0
point-api/internal/services/tag_service.go:150.2,150.20 1 1
point-api/internal/services/tag_service.go:150.20,152.3 1 0
point-api/internal/services/tag_service.go:155.2,156.25 2 1
point-api/internal/services/tag_service.go:156.25,157.29 1 1
point-api/internal/services/tag_service.go:157.29,159.4 1 1
point-api/internal/services/tag_service.go:163.2,163.36 1 1
point-api/internal/services/tag_service.go:163.36,165.3 1 0
point-api/internal/services/tag_service.go:167.2,168.25 2 1
point-api/internal/services/tag_service.go:168.25,170.19 2 1
point-api/internal/services/tag_service.go:170.19,172.4 1 1
point-api/internal/services/tag_service.go:173.3,179.4 1 1
point-api/internal/services/tag_service.go:181.2,181.20 1 1
point-api/internal/services/tag_service.go:184.69,186.2 1 1
point-api/internal/services/tag_service.go:190.95,193.16 2 1
point-api/internal/services/tag_service.go:193.16,195.3 1 0
point-api/internal/services/tag_service.go:196.2,196.24 1 1
point-api/internal/services/tag_service.go:196.24,202.3 1 0
point-api/internal/services/tag_service.go:205.2,206.30 2 1
point-api/internal/services/tag_service.go:206.30,208.3 1 1
point-api/internal/services/tag_service.go:210.2,211.30 2 1
point-api/internal/services/tag_service.go:211.30,213.17 2 1
point-api/internal/services/tag_service.go:213.17,214.12 1 0
point-api/internal/services/tag_service.go:216.3,216.33 1 1
point-api/internal/services/tag_service.go:216.33,217.22 1 0
point-api/internal/services/tag_service.go:217.22,219.5 1 0
point-api/internal/services/tag_service.go:223.2,223.32 1 1
point-api/internal/services/tag_service.go:223.32,229.3 1 1
point-api/internal/services/tag_service.go:231.2,232.35 2 0
point-api/internal/services/tag_service.go:232.35,234.3 1 0
point-api/internal/services/tag_service.go:237.2,238.16 2 0
point-api/internal/services/tag_service.go:238.16,240.3 1 0
point-api/internal/services/tag_service.go:241.2,241.29 1 0
point-api/internal/services/tag_service.go:241.29,247.3 1 0
point-api/internal/services/tag_service.go:249.2,253.36 4 0
point-api/internal/services/tag_service.go:253.36,261.17 3 0
point-api/internal/services/tag_service.go:261.17,263.12 2 0
point-api/internal/services/tag_service.go:265.3,268.17 3 0
point-api/internal/services/tag_service.go:268.17,271.12 3 0
point-api/internal/services/tag_service.go:274.3,281.77 4 0
point-api/internal/services/tag_service.go:281.77,284.12 3 0
point-api/internal/services/tag_service.go:287.3,291.73 4 0
point-api/internal/services/tag_service.go:291.73,293.4 1 0
point-api/internal/services/tag_service.go:293.9,295.4 1 0
point-api/internal/services/tag_service.go:298.3,298.38 1 0
point-api/internal/services/tag_service.go:301.2,306.21 2 0
point-api/internal/services/tag_service.go:306.21,308.3 1 0
point-api/internal/services/tag_service.go:309.2,309.20 1 0
point-api/internal/services/tag_service.go:312.153,320.16 3 1
point-api/internal/services/tag_service.go:320.16,322.3 1 0
point-api/internal/services/tag_service.go:324.2,328.16 2 1
point-api/internal/services/tag_service.go:328.16,330.3 1 0
point-api/internal/services/tag_service.go:332.2,332.26 1 1
point-api/internal/api/auth.go:20.89,25.2 1 1
point-api/internal/api/auth.go:33.29,37.2 3 1
point-api/internal/api/auth.go:39.51,41.37 2 1
point-api/internal/api/auth.go:41.37,43.3 1 1
point-api/internal/api/auth.go:45.2,46.16 2 1
point-api/internal/api/auth.go:46.16,48.3 1 1
point-api/internal/api/auth.go:50.2,53.20 3 1
point-api/internal/api/auth.go:53.20,55.3 1 1
point-api/internal/api/auth.go:56.2,66.16 3 1
point-api/internal/api/auth.go:66.16,68.3 1 0
point-api/internal/api/auth.go:70.2,79.34 2 1
point-api/internal/api/auth.go:79.34,81.3 1 0
point-api/internal/api/auth.go:83.2,93.4 2 1
point-api/internal/api/auth.go:96.52,98.16 2 1
point-api/internal/api/auth.go:98.16,100.17 2 0
point-api/internal/api/auth.go:100.17,102.4 1 0
point-api/internal/api/auth.go:105.2,114.87 3 1
point-api/internal/api/auth.go:117.48,119.20 2 1
point-api/internal/api/auth.go:119.20,121.3 1 1
point-api/internal/api/auth.go:122.2,122.39 1 1
point-api/internal/api/auth.go:130.60,134.37 3 0
point-api/internal/api/auth.go:134.37,136.3 1 0
point-api/internal/api/auth.go:138.2,138.27 1 0
point-api/internal/api/auth.go:138.27,140.3 1 0
point-api/internal/api/auth.go:142.2,142.122 1 0
point-api/internal/api/auth.go:142.122,144.3 1 0
point-api/internal/api/auth.go:146.2,146.93 1 0
point-api/internal/api/auth.go:149.58,154.16 4 1
point-api/internal/api/auth.go:154.16,156.3 1 0
point-api/internal/api/auth.go:158.2,169.29 3 1
point-api/internal/api/auth.go:169.29,179.3 1 0
point-api/internal/api/auth.go:181.2,184.4 1 1
point-api/internal/api/auth.go:187.59,189.16 2 0
point-api/internal/api/auth.go:189.16,191.3 1 0
point-api/internal/api/auth.go:193.2,195.97 2 0
point-api/internal/api/auth.go:195.97,197.3 1 0
point-api/internal/api/auth.go:199.2,199.42 1 0
point-api/internal/api/auth.go:202.65,206.110 3 1
point-api/internal/api/auth.go:206.110,208.3 1 0
point-api/internal/api/auth.go:210.2,210.89 1 1
point-api/internal/api/feeds.go:20.143,26.2 1 1
point-api/internal/api/feeds.go:28.33,35.2 6 1
point-api/internal/api/feeds.go:37.37,39.28 2 1
point-api/internal/api/feeds.go:39.28,41.3 1 0
point-api/internal/api/feeds.go:42.2,42.71 1 1
point-api/internal/api/feeds.go:42.71,44.3 1 0
point-api/internal/api/feeds.go:45.2,46.74 2 1
point-api/internal/api/feeds.go:46.74,48.3 1 0
point-api/internal/api/feeds.go:49.2,49.30 1 1
point-api/internal/api/feeds.go:52.54,63.16 9 1
point-api/internal/api/feeds.go:63.16,65.3 1 0
point-api/internal/api/feeds.go:67.2,71.29 4 1
point-api/internal/api/feeds.go:71.29,73.29 2 1
point-api/internal/api/feeds.go:73.29,75.4 1 0
point-api/internal/api/feeds.go:77.3,79.25 3 1
point-api/internal/api/feeds.go:79.25,81.4 1 0
point-api/internal/api/feeds.go:83.3,90.39 8 1
point-api/internal/api/feeds.go:93.2,114.81 2 1
point-api/internal/api/feeds.go:117.54,123.16 5 1
point-api/internal/api/feeds.go:123.16,125.3 1 0
point-api/internal/api/feeds.go:127.2,128.16 2 1
point-api/internal/api/feeds.go:128.16,130.3 1 0
point-api/internal/api/feeds.go:132.2,133.50 2 1
point-api/internal/api/feeds.go:133.50,139.3 5 1
point-api/internal/api/feeds.go:141.2,143.29 2 1
point-api/internal/api/feeds.go:143.29,145.3 1 0
point-api/internal/api/feeds.go:147.2,147.27 1 1
point-api/internal/api/feeds.go:147.27,149.3 1 0
point-api/internal/api/feeds.go:151.2,155.77 2 1
point-api/internal/api/feeds.go:158.56,162.2 3 1
point-api/internal/api/feeds.go:164.76,165.43 1 1
point-api/internal/api/feeds.go:165.43,167.3 1 0
point-api/internal/api/feeds.go:168.2,168.17 1 1
point-api/internal/api/media.go:19.116,24.2 1 1
point-api/internal/api/media.go:26.57,28.16 2 1
point-api/internal/api/media.go:28.16,30.3 1 0
point-api/internal/api/media.go:32.2,33.16 2 1
point-api/internal/api/media.go:33.16,35.3 1 0
point-api/internal/api/media.go:36.2,39.16 3 1
point-api/internal/api/media.go:39.16,41.3 1 0
point-api/internal/api/media.go:43.2,47.21 5 1
point-api/internal/api/media.go:47.21,49.17 2 0
point-api/internal/api/media.go:49.17,51.4 1 0
point-api/internal/api/media.go:54.2,62.16 2 1
point-api/internal/api/media.go:62.16,64.3 1 0
point-api/internal/api/media.go:66.2,66.42 1 1
point-api/internal/api/media.go:69.56,71.14 2 1
point-api/internal/api/media.go:71.14,73.3 1 1
point-api/internal/api/media.go:74.2,75.17 2 1
point-api/internal/api/media.go:75.17,77.3 1 1
point-api/internal/api/media.go:78.2,85.16 3 1
point-api/internal/api/media.go:85.16,87.3 1 0
point-api/internal/api/media.go:89.2,90.16 2 1
point-api/internal/api/media.go:90.16,92.3 1 1
point-api/internal/api/media.go:94.2,100.4 1 1
point-api/internal/api/media.go:103.55,105.16 2 0
point-api/internal/api/media.go:105.16,107.3 1 0
point-api/internal/api/media.go:109.2,110.16 2 0
point-api/internal/api/media.go:110.16,112.3 1 0
point-api/internal/api/media.go:114.2,114.37 1 0
point-api/internal/api/media.go:123.58,125.16 2 0
point-api/internal/api/media.go:125.16,127.3 1 0
point-api/internal/api/media.go:129.2,130.37 2 0
point-api/internal/api/media.go:130.37,132.3 1 0
point-api/internal/api/media.go:134.2,140.16 2 0
point-api/internal/api/media.go:140.16,142.3 1 0
point-api/internal/api/media.go:144.2,144.37 1 0
point-api/internal/api/media.go:147.64,149.14 2 0
point-api/internal/api/media.go:149.14,151.3 1 0
point-api/internal/api/media.go:152.2,153.17 2 0
point-api/internal/api/media.go:153.17,155.3 1 0
point-api/internal/api/media.go:157.2,158.16 2 0
point-api/internal/api/media.go:158.16,160.3 1 0
point-api/internal/api/media.go:162.2,163.16 2 0
point-api/internal/api/media.go:163.16,165.3 1 0
point-api/internal/api/media.go:167.2,173.4 1 0
point-api/internal/api/media.go:180.62,182.37 2 1
point-api/internal/api/media.go:182.37,184.3 1 0
point-api/internal/api/media.go:186.2,186.23 1 1
point-api/internal/api/media.go:186.23,188.3 1 0
point-api/internal/api/media.go:190.2,191.16 2 1
point-api/internal/api/media.go:191.16,193.3 1 0
point-api/internal/api/media.go:195.2,198.4 1 1
point-api/internal/api/media.go:201.58,203.16 2 0
point-api/internal/api/media.go:203.16,205.3 1 0
point-api/internal/api/media.go:207.2,208.16 2 0
point-api/internal/api/media.go:208.16,210.3 1 0
point-api/internal/api/media.go:212.2,212.42 1 0
point-api/internal/api/media.go:215.61,217.16 2 0
point-api/internal/api/media.go:217.16,219.3 1 0
point-api/internal/api/media.go:220.2,221.21 2 0
point-api/internal/api/media.go:221.21,223.3 1 0
point-api/internal/api/media.go:225.2,227.21 3 0
point-api/internal/api/media.go:227.21,228.65 1 0
point-api/internal/api/media.go:228.65,230.4 1 0
point-api/internal/api/media.go:233.2,236.27 3 0
point-api/internal/api/media.go:236.27,238.17 2 0
point-api/internal/api/media.go:238.17,240.12 2 0
point-api/internal/api/media.go:242.3,244.17 3 0
point-api/internal/api/media.go:244.17,246.12 2 0
point-api/internal/api/media.go:249.3,255.17 2 0
point-api/internal/api/media.go:255.17,257.12 2 0
point-api/internal/api/media.go:259.3,259.37 1 0
point-api/internal/api/media.go:262.2,267.4 1 0
point-api/internal/api/media.go:270.62,272.16 2 1
point-api/internal/api/media.go:272.16,274.3 1 0
point-api/internal/api/media.go:275.2,275.37 1 1
point-api/internal/api/media.go:282.58,284.16 2 1
point-api/internal/api/media.go:284.16,286.3 1 0
point-api/internal/api/media.go:288.2,289.62 2 1
point-api/internal/api/media.go:289.62,291.3 1 0
point-api/internal/api/media.go:293.2,294.16 2 1
point-api/internal/api/media.go:294.16,296.3 1 0
point-api/internal/api/media.go:298.2,298.37 1 1
point-api/internal/api/media.go:301.66,303.16 2 0
point-api/internal/api/media.go:303.16,305.3 1 0
point-api/internal/api/media.go:307.2,312.4 1 0
point-api/internal/api/media.go:315.64,319.16 3 0
point-api/internal/api/media.go:319.16,321.3 1 0
point-api/internal/api/media.go:323.2,326.4 1 0
point-api/internal/api/media.go:329.59,331.16 2 0
point-api/internal/api/media.go:331.16,333.3 1 0
point-api/internal/api/media.go:335.2,336.16 2 0
point-api/internal/api/media.go:336.16,338.3 1 0
point-api/internal/api/media.go:339.2,342.16 3 0
point-api/internal/api/media.go:342.16,344.3 1 0
point-api/internal/api/media.go:346.2,347.16 2 0
point-api/internal/api/media.go:347.16,349.3 1 0
point-api/internal/api/media.go:351.2,351.40 1 0
point-api/internal/api/middleware.go:12.41,13.14 1 1
point-api/internal/api/middleware.go:13.14,15.3 1 0
point-api/internal/api/middleware.go:16.2,16.50 1 1
point-api/internal/api/middleware.go:16.50,18.3 1 1
point-api/internal/api/middleware.go:19.2,19.10 1 1
point-api/internal/api/middleware.go:23.44,24.14 1 1
point-api/internal/api/middleware.go:24.14,26.3 1 0
point-api/internal/api/middleware.go:27.2,27.50 1 1
point-api/internal/api/middleware.go:27.50,29.3 1 1
point-api/internal/api/middleware.go:30.2,30.10 1 1
point-api/internal/api/middleware.go:33.76,34.54 1 1
point-api/internal/api/middleware.go:34.54,35.37 1 1
point-api/internal/api/middleware.go:35.37,37.18 2 1
point-api/internal/api/middleware.go:37.18,39.5 1 1
point-api/internal/api/middleware.go:41.4,42.18 2 1
point-api/internal/api/middleware.go:42.18,44.5 1 1
point-api/internal/api/middleware.go:47.4,48.18 2 1
point-api/internal/api/middleware.go:53.84,54.54 1 1
point-api/internal/api/middleware.go:54.54,55.37 1 1
point-api/internal/api/middleware.go:55.37,57.18 2 1
point-api/internal/api/middleware.go:57.18,59.5 1 1
point-api/internal/api/middleware.go:61.4,62.18 2 1
point-api/internal/api/middleware.go:62.18,64.5 1 1
point-api/internal/api/middleware.go:65.4,65.18 1 1
point-api/internal/api/pages.go:21.176,28.2 1 1
point-api/internal/api/pages.go:41.57,53.2 1 1
point-api/internal/api/pages.go:55.93,57.28 2 1
point-api/internal/api/pages.go:57.28,59.3 1 0
point-api/internal/api/pages.go:60.2,61.30 2 1
point-api/internal/api/pages.go:61.30,63.3 1 0
point-api/internal/api/pages.go:64.2,81.3 1 1
point-api/internal/api/pages.go:85.58,89.14 3 1
point-api/internal/api/pages.go:89.14,91.3 1 1
point-api/internal/api/pages.go:93.2,96.17 4 1
point-api/internal/api/pages.go:96.17,98.3 1 0
point-api/internal/api/pages.go:99.2,99.63 1 1
point-api/internal/api/pages.go:99.63,101.3 1 0
point-api/internal/api/pages.go:104.2,109.16 2 1
point-api/internal/api/pages.go:109.16,111.3 1 0
point-api/internal/api/pages.go:113.2,114.16 2 1
point-api/internal/api/pages.go:114.16,116.3 1 1
point-api/internal/api/pages.go:119.2,124.28 4 1
point-api/internal/api/pages.go:124.28,125.18 1 1
point-api/internal/api/pages.go:125.18,127.4 1 1
point-api/internal/api/pages.go:131.2,132.32 2 1
point-api/internal/api/pages.go:132.32,133.31 1 0
point-api/internal/api/pages.go:133.31,135.4 1 0
point-api/internal/api/pages.go:138.2,149.4 1 1
point-api/internal/api/pages.go:153.57,158.16 4 1
point-api/internal/api/pages.go:158.16,160.3 1 0
point-api/internal/api/pages.go:162.2,163.14 2 1
point-api/internal/api/pages.go:163.14,165.3 1 1
point-api/internal/api/pages.go:167.2,170.17 4 1
point-api/internal/api/pages.go:170.17,172.3 1 0
point-api/internal/api/pages.go:173.2,173.63 1 1
point-api/internal/api/pages.go:173.63,175.3 1 0
point-api/internal/api/pages.go:178.2,183.30 4 1
point-api/internal/api/pages.go:183.30,184.19 1 0
point-api/internal/api/pages.go:184.19,186.4 1 0
point-api/internal/api/pages.go:190.2,191.16 2 1
point-api/internal/api/pages.go:191.16,193.3 1 0
point-api/internal/api/pages.go:195.2,196.16 2 1
point-api/internal/api/pages.go:196.16,198.3 1 1
point-api/internal/api/pages.go:200.2,201.30 2 1
point-api/internal/api/pages.go:201.30,203.3 1 0
point-api/internal/api/pages.go:205.2,217.4 2 1
point-api/internal/api/pages.go:221.58,225.16 3 1
point-api/internal/api/pages.go:225.16,227.3 1 0
point-api/internal/api/pages.go:230.2,231.25 2 1
point-api/internal/api/pages.go:231.25,232.18 1 0
point-api/internal/api/pages.go:232.18,236.4 3 0
point-api/internal/api/pages.go:239.2,242.4 1 1
point-api/internal/api/posts.go:22.149,28.2 1 1
point-api/internal/api/posts.go:30.110,32.25 2 1
point-api/internal/api/posts.go:32.25,34.3 1 1
point-api/internal/api/posts.go:35.2,58.3 1 1
point-api/internal/api/posts.go:61.122,63.25 2 1
point-api/internal/api/posts.go:63.25,65.3 1 1
point-api/internal/api/posts.go:66.2,89.3 1 1
point-api/internal/api/posts.go:93.105,95.16 2 1
point-api/internal/api/posts.go:95.16,97.3 1 0
point-api/internal/api/posts.go:98.2,100.56 3 1
point-api/internal/api/posts.go:103.55,105.14 2 1
point-api/internal/api/posts.go:105.14,107.3 1 1
point-api/internal/api/posts.go:109.2,110.17 2 1
point-api/internal/api/posts.go:110.17,113.3 2 1
point-api/internal/api/posts.go:115.2,126.16 5 1
point-api/internal/api/posts.go:126.16,128.3 1 0
point-api/internal/api/posts.go:130.2,131.16 2 1
point-api/internal/api/posts.go:131.16,133.3 1 0
point-api/internal/api/posts.go:135.2,141.4 1 1
point-api/internal/api/posts.go:144.59,147.16 3 1
point-api/internal/api/posts.go:147.16,149.3 1 0
point-api/internal/api/posts.go:151.2,151.52 1 1
point-api/internal/api/posts.go:151.52,153.3 1 0
point-api/internal/api/posts.go:155.2,155.32 1 1
point-api/internal/api/posts.go:155.32,157.3 1 1
point-api/internal/api/posts.go:159.2,162.80 3 1
point-api/internal/api/posts.go:165.57,167.16 2 1
point-api/internal/api/posts.go:167.16,169.3 1 0
point-api/internal/api/posts.go:171.2,172.16 2 1
point-api/internal/api/posts.go:172.16,174.3 1 1
point-api/internal/api/posts.go:176.2,176.52 1 1
point-api/internal/api/posts.go:176.52,178.3 1 0
point-api/internal/api/posts.go:180.2,183.74 3 1
point-api/internal/api/posts.go:199.56,203.37 3 1
point-api/internal/api/posts.go:203.37,205.3 1 0
point-api/internal/api/posts.go:207.2,207.22 1 1
point-api/internal/api/posts.go:207.22,209.3 1 0
point-api/internal/api/posts.go:210.2,210.25 1 1
point-api/internal/api/posts.go:210.25,212.3 1 1
point-api/internal/api/posts.go:214.2,227.16 2 1
point-api/internal/api/posts.go:227.16,229.3 1 0
point-api/internal/api/posts.go:231.2,232.16 2 1
point-api/internal/api/posts.go:232.16,234.3 1 0
point-api/internal/api/posts.go:236.2,236.41 1 1
point-api/internal/api/posts.go:252.56,254.16 2 1
point-api/internal/api/posts.go:254.16,256.3 1 0
point-api/internal/api/posts.go:258.2,261.37 3 1
point-api/internal/api/posts.go:261.37,263.3 1 0
point-api/internal/api/posts.go:265.2,279.16 2 1
point-api/internal/api/posts.go:279.16,281.3 1 0
point-api/internal/api/posts.go:283.2,284.16 2 1
point-api/internal/api/posts.go:284.16,286.3 1 0
point-api/internal/api/posts.go:288.2,288.36 1 1
point-api/internal/api/posts.go:291.56,293.16 2 1
point-api/internal/api/posts.go:293.16,295.3 1 0
point-api/internal/api/posts.go:297.2,299.86 2 1
point-api/internal/api/posts.go:299.86,301.3 1 0
point-api/internal/api/posts.go:303.2,303.42 1 1
point-api/internal/api/posts.go:306.57,308.16 2 1
point-api/internal/api/posts.go:308.16,310.3 1 0
point-api/internal/api/posts.go:312.2,313.16 2 1
point-api/internal/api/posts.go:313.16,315.3 1 0
point-api/internal/api/posts.go:317.2,318.16 2 1
point-api/internal/api/posts.go:318.16,320.3 1 0
point-api/internal/api/posts.go:322.2,322.36 1 1
point-api/internal/api/posts.go:325.65,327.16 2 1
point-api/internal/api/posts.go:327.16,329.3 1 0
point-api/internal/api/posts.go:331.2,332.16 2 1
point-api/internal/api/posts.go:332.16,334.3 1 0
point-api/internal/api/posts.go:336.2,337.67 2 1
point-api/internal/api/posts.go:337.67,339.3 1 0
point-api/internal/api/posts.go:341.2,345.4 1 1
point-api/internal/api/posts.go:348.67,350.17 2 1
point-api/internal/api/posts.go:350.17,352.3 1 0
point-api/internal/api/posts.go:354.2,355.16 2 1
point-api/internal/api/posts.go:355.16,357.3 1 0
point-api/internal/api/posts.go:359.2,364.36 5 1
point-api/internal/api/posts.go:368.61,372.16 3 1
point-api/internal/api/posts.go:372.16,374.3 1 0
point-api/internal/api/posts.go:376.2,377.17 2 1
point-api/internal/api/posts.go:377.17,380.3 1 0
point-api/internal/api/posts.go:382.2,384.19 3 1
point-api/internal/api/posts.go:384.19,385.49 1 0
point-api/internal/api/posts.go:385.49,387.15 2 0
point-api/internal/api/posts.go:387.15,389.5 1 0
point-api/internal/api/posts.go:394.2,395.16 2 1
point-api/internal/api/posts.go:395.16,397.3 1 0
point-api/internal/api/posts.go:398.2,401.16 3 1
point-api/internal/api/posts.go:401.16,403.3 1 0
point-api/internal/api/posts.go:406.2,411.16 2 1
point-api/internal/api/posts.go:411.16,413.3 1 0
point-api/internal/api/posts.go:416.2,425.16 2 1
point-api/internal/api/posts.go:425.16,427.3 1 0
point-api/internal/api/posts.go:429.2,430.16 2 1
point-api/internal/api/posts.go:430.16,432.3 1 0
point-api/internal/api/posts.go:434.2,434.41 1 1
point-api/internal/api/posts.go:437.58,439.16 2 1
point-api/internal/api/posts.go:439.16,441.3 1 0
point-api/internal/api/posts.go:443.2,444.16 2 1
point-api/internal/api/posts.go:444.16,446.3 1 0
point-api/internal/api/posts.go:448.2,449.16 2 1
point-api/internal/api/posts.go:449.16,451.3 1 0
point-api/internal/api/posts.go:453.2,453.36 1 1
point-api/internal/api/settings.go:14.85,16.2 1 1
point-api/internal/api/settings.go:33.67,35.16 2 1
point-api/internal/api/settings.go:35.16,37.3 1 0
point-api/internal/api/settings.go:39.2,40.24 2 1
point-api/internal/api/settings.go:40.24,41.27 1 1
point-api/internal/api/settings.go:41.27,43.4 1 1
point-api/internal/api/settings.go:46.2,46.38 1 1
point-api/internal/api/settings.go:49.61,51.16 2 0
point-api/internal/api/settings.go:51.16,53.3 1 0
point-api/internal/api/settings.go:54.2,54.35 1 0
point-api/internal/api/settings.go:57.65,60.16 3 0
point-api/internal/api/settings.go:60.16,62.3 1 0
point-api/internal/api/settings.go:63.2,63.77 1 0
point-api/internal/api/settings.go:66.64,68.41 2 1
point-api/internal/api/settings.go:68.41,70.3 1 0
point-api/internal/api/settings.go:72.2,72.34 1 1
point-api/internal/api/settings.go:72.34,73.99 1 1
point-api/internal/api/settings.go:73.99,75.4 1 0
point-api/internal/api/settings.go:78.2,79.16 2 1
point-api/internal/api/settings.go:79.16,81.3 1 0
point-api/internal/api/settings.go:82.2,82.35 1 1
point-api/internal/api/system.go:33.197,42.2 1 1
point-api/internal/api/system.go:44.56,48.16 3 1
point-api/internal/api/system.go:48.16,50.3 1 0
point-api/internal/api/system.go:52.2,74.4 3 1
point-api/internal/api/system.go:77.55,79.31 2 1
point-api/internal/api/system.go:79.31,81.3 1 1
point-api/internal/api/system.go:83.2,84.16 2 1
point-api/internal/api/system.go:84.16,87.3 1 0
point-api/internal/api/system.go:88.2,92.21 4 1
point-api/internal/api/system.go:92.21,94.3 1 1
point-api/internal/api/system.go:97.2,97.22 1 1
point-api/internal/api/system.go:97.22,99.3 1 0
point-api/internal/api/system.go:101.2,101.35 1 1
point-api/internal/api/system.go:104.60,106.53 2 1
point-api/internal/api/system.go:106.53,108.3 1 0
point-api/internal/api/system.go:110.2,114.50 4 1
point-api/internal/api/system.go:114.50,116.3 1 0
point-api/internal/api/system.go:118.2,120.17 3 1
point-api/internal/api/system.go:120.17,122.3 1 1
point-api/internal/api/system.go:124.2,129.4 1 1
point-api/internal/api/system.go:132.59,136.16 3 1
point-api/internal/api/system.go:136.16,137.25 1 0
point-api/internal/api/system.go:137.25,139.4 1 0
point-api/internal/api/system.go:140.3,140.72 1 0
point-api/internal/api/system.go:143.2,150.28 3 1
point-api/internal/api/system.go:150.28,151.59 1 1
point-api/internal/api/system.go:151.59,152.12 1 0
point-api/internal/api/system.go:154.3,155.17 2 1
point-api/internal/api/system.go:155.17,156.12 1 0
point-api/internal/api/system.go:158.3,162.5 1 1
point-api/internal/api/system.go:165.2,165.38 1 1
point-api/internal/api/system.go:168.61,170.91 2 1
point-api/internal/api/system.go:170.91,172.3 1 0
point-api/internal/api/system.go:174.2,175.55 2 1
point-api/internal/api/system.go:175.55,177.3 1 0
point-api/internal/api/system.go:179.2,179.63 1 1
point-api/internal/api/system.go:179.63,181.3 1 0
point-api/internal/api/system.go:183.2,186.4 1 1
point-api/internal/api/system.go:189.61,191.16 2 0
point-api/internal/api/system.go:191.16,193.3 1 0
point-api/internal/api/system.go:194.2,194.42 1 0
point-api/internal/api/system.go:197.58,203.2 1 1
point-api/internal/api/system.go:205.60,207.91 2 1
point-api/internal/api/system.go:207.91,209.3 1 0
point-api/internal/api/system.go:211.2,212.46 2 1
point-api/internal/api/system.go:212.46,213.25 1 0
point-api/internal/api/system.go:213.25,215.4 1 0
point-api/internal/api/system.go:216.3,216.72 1 0
point-api/internal/api/system.go:219.2,219.99 1 1
point-api/internal/api/system.go:222.60,224.16 2 1
point-api/internal/api/system.go:224.16,226.3 1 0
point-api/internal/api/system.go:227.2,236.88 6 1
point-api/internal/api/system.go:236.88,237.17 1 1
point-api/internal/api/system.go:237.17,239.4 1 0
point-api/internal/api/system.go:242.3,242.55 1 1
point-api/internal/api/system.go:242.55,244.4 1 1
point-api/internal/api/system.go:246.3,247.17 2 1
point-api/internal/api/system.go:247.17,249.4 1 0
point-api/internal/api/system.go:251.3,252.17 2 1
point-api/internal/api/system.go:252.17,254.4 1 0
point-api/internal/api/system.go:255.3,257.48 2 1
point-api/internal/api/system.go:257.48,259.4 1 0
point-api/internal/api/system.go:261.3,261.20 1 1
point-api/internal/api/system.go:261.20,263.18 2 1
point-api/internal/api/system.go:263.18,265.5 1 0
point-api/internal/api/system.go:266.4,267.27 2 1
point-api/internal/api/system.go:270.3,270.13 1 1
point-api/internal/api/system.go:274.69,276.16 2 1
point-api/internal/api/system.go:276.16,278.3 1 0
point-api/internal/api/system.go:279.2,282.16 3 1
point-api/internal/api/system.go:282.16,284.3 1 0
point-api/internal/api/system.go:285.2,288.6 3 1
point-api/internal/api/system.go:288.6,290.20 2 1
point-api/internal/api/system.go:290.20,291.9 1 1
point-api/internal/api/system.go:293.3,293.17 1 1
point-api/internal/api/system.go:293.17,295.4 1 0
point-api/internal/api/system.go:297.3,300.74 2 1
point-api/internal/api/system.go:300.74,301.12 1 0
point-api/internal/api/system.go:304.3,304.26 1 1
point-api/internal/api/system.go:305.20,306.29 1 1
point-api/internal/api/system.go:307.20,310.18 3 1
point-api/internal/api/system.go:310.18,311.13 1 0
point-api/internal/api/system.go:313.4,314.15 2 1
point-api/internal/api/system.go:317.2,317.12 1 1
point-api/internal/api/tags.go:18.108,23.2 1 1
point-api/internal/api/tags.go:25.89,26.54 1 1
point-api/internal/api/tags.go:26.54,38.3 1 0
point-api/internal/api/tags.go:40.2,41.28 2 1
point-api/internal/api/tags.go:41.28,43.3 1 0
point-api/internal/api/tags.go:44.2,45.30 2 1
point-api/internal/api/tags.go:45.30,47.3 1 0
point-api/internal/api/tags.go:49.2,66.3 1 1
point-api/internal/api/tags.go:69.53,74.16 4 1
point-api/internal/api/tags.go:74.16,76.3 1 0
point-api/internal/api/tags.go:78.2,81.4 1 1
point-api/internal/api/tags.go:84.56,86.15 2 1
point-api/internal/api/tags.go:86.15,88.3 1 1
point-api/internal/api/tags.go:90.2,91.16 2 1
point-api/internal/api/tags.go:91.16,93.3 1 0
point-api/internal/api/tags.go:95.2,95.69 1 1
point-api/internal/api/tags.go:98.55,100.16 2 1
point-api/internal/api/tags.go:100.16,102.3 1 0
point-api/internal/api/tags.go:104.2,105.16 2 1
point-api/internal/api/tags.go:105.16,107.3 1 0
point-api/internal/api/tags.go:109.2,112.67 3 1
point-api/internal/api/tags.go:115.57,119.16 3 0
point-api/internal/api/tags.go:119.16,121.3 1 0
point-api/internal/api/tags.go:123.2,126.67 3 0
point-api/internal/api/tags.go:143.54,145.37 2 1
point-api/internal/api/tags.go:145.37,147.3 1 1
point-api/internal/api/tags.go:149.2,162.16 2 1
point-api/internal/api/tags.go:162.16,164.3 1 0
point-api/internal/api/tags.go:166.2,166.63 1 1
point-api/internal/api/tags.go:169.54,171.16 2 0
point-api/internal/api/tags.go:171.16,173.3 1 0
point-api/internal/api/tags.go:175.2,176.37 2 0
point-api/internal/api/tags.go:176.37,178.3 1 0
point-api/internal/api/tags.go:180.2,194.16 2 0
point-api/internal/api/tags.go:194.16,196.3 1 0
point-api/internal/api/tags.go:198.2,201.67 3 0
point-api/internal/api/tags.go:204.54,206.16 2 1
point-api/internal/api/tags.go:206.16,208.3 1 0
point-api/internal/api/tags.go:210.2,210.74 1 1
point-api/internal/api/tags.go:210.74,212.3 1 0
point-api/internal/api/tags.go:214.2,214.42 1 1
point-api/internal/api/tags.go:217.62,218.80 1 1
point-api/internal/api/tags.go:218.80,220.3 1 0
point-api/internal/api/tags.go:221.2,221.100 1 1
point-api/internal/api/tags.go:224.58,227.16 3 0
point-api/internal/api/tags.go:227.16,229.3 1 0
point-api/internal/api/tags.go:231.2,232.14 2 0
point-api/internal/api/tags.go:232.14,234.3 1 0
point-api/internal/api/tags.go:236.2,237.17 2 0
point-api/internal/api/tags.go:237.17,240.3 2 0
point-api/internal/api/tags.go:242.2,245.16 3 0
point-api/internal/api/tags.go:245.16,247.3 1 0
point-api/internal/api/tags.go:249.2,260.4 1 0
point-api/cmd/api/main.go:18.13,21.16 2 0
point-api/cmd/api/main.go:21.16,23.3 1 0
point-api/cmd/api/main.go:26.2,27.16 2 0
point-api/cmd/api/main.go:27.16,29.3 1 0
point-api/cmd/api/main.go:30.2,33.58 2 0
point-api/cmd/api/main.go:33.58,35.49 2 0
point-api/cmd/api/main.go:35.49,37.4 1 0
point-api/cmd/api/main.go:41.2,77.46 20 0
point-api/cmd/api/main.go:77.46,82.3 1 0
point-api/cmd/api/main.go:85.2,178.63 72 0
point-api/cmd/api/main.go:178.63,184.59 5 0
point-api/cmd/api/main.go:184.59,186.4 1 0
point-api/cmd/api/main.go:187.3,187.59 1 0
point-api/cmd/api/main.go:187.59,189.4 1 0
point-api/cmd/api/main.go:190.3,190.62 1 0
point-api/cmd/api/main.go:190.62,192.4 1 0
point-api/cmd/api/main.go:193.3,193.62 1 0
point-api/cmd/api/main.go:193.62,195.4 1 0
point-api/cmd/api/main.go:199.2,200.41 2 0
point-api/cmd/api/main.go:200.41,201.47 1 0
point-api/cmd/api/main.go:201.47,203.4 1 0
point-api/cmd/api/main.go:204.3,206.5 1 0
point-api/cmd/api/main.go:210.2,212.72 3 0
point-api/cmd/api/main.go:212.72,214.3 1 0
point-api/cmd/api/main.go:218.64,219.36 1 0
point-api/cmd/api/main.go:219.36,225.55 4 0
point-api/cmd/api/main.go:225.55,226.46 1 0
point-api/cmd/api/main.go:226.46,228.5 1 0
point-api/cmd/api/main.go:231.3,232.54 2 0
point-api/cmd/api/main.go:232.54,234.4 1 0
point-api/cmd/api/main.go:236.3,236.26 1 0
